[0.619s] Invoking command in '/home/stevens/robotws/build/hw3code': PYTHONPATH=/home/stevens/robotws/build/hw3code/prefix_override:/home/stevens/robotws/install/hw3code/lib/python3.10/site-packages:${PYTHONPATH} /usr/bin/python3 setup.py develop --editable --build-directory /home/stevens/robotws/build/hw3code/build --no-deps install_data
[0.741s] running develop
[0.749s] /usr/lib/python3/dist-packages/setuptools/command/easy_install.py:158: EasyInstallDeprecationWarning: easy_install command is deprecated. Use build and pip and other standards-based tools.
[0.749s]   warnings.warn(
[0.749s] /usr/lib/python3/dist-packages/setuptools/command/install.py:34: SetuptoolsDeprecationWarning: setup.py install is deprecated. Use build and pip and other standards-based tools.
[0.750s]   warnings.warn(
[0.835s] running egg_info
[0.836s] writing hw3code.egg-info/PKG-INFO
[0.836s] writing dependency_links to hw3code.egg-info/dependency_links.txt
[0.836s] writing entry points to hw3code.egg-info/entry_points.txt
[0.836s] writing requirements to hw3code.egg-info/requires.txt
[0.836s] writing top-level names to hw3code.egg-info/top_level.txt
[0.836s] reading manifest file 'hw3code.egg-info/SOURCES.txt'
[0.836s] writing manifest file 'hw3code.egg-info/SOURCES.txt'
[0.837s] running build_ext
[0.837s] Creating /home/stevens/robotws/install/hw3code/lib/python3.10/site-packages/hw3code.egg-link (link to .)
[0.837s] Installing hw3p4 script to /home/stevens/robotws/install/hw3code/lib/hw3code
[0.837s] Installing hw3p5 script to /home/stevens/robotws/install/hw3code/lib/hw3code
[0.837s] 
[0.837s] Installed /home/stevens/robotws/build/hw3code
[0.837s] running install_data
[0.838s] copying urdf/hw3p5.py -> /home/stevens/robotws/install/hw3code/share/hw3code/urdf
[0.838s] copying urdf/hw3code -> /home/stevens/robotws/install/hw3code/share/hw3code/urdf
[0.880s] Invoked command in '/home/stevens/robotws/build/hw3code' returned '0': PYTHONPATH=/home/stevens/robotws/build/hw3code/prefix_override:/home/stevens/robotws/install/hw3code/lib/python3.10/site-packages:${PYTHONPATH} /usr/bin/python3 setup.py develop --editable --build-directory /home/stevens/robotws/build/hw3code/build --no-deps install_data
