[0.466s] DEBUG:colcon:Command line arguments: ['/usr/bin/colcon', 'build', '--symlink-install']
[0.467s] DEBUG:colcon:Parsed command line arguments: Namespace(log_base=None, log_level=None, verb_name='build', build_base='build', install_base='install', merge_install=False, symlink_install=True, test_result_base=None, continue_on_error=False, executor='parallel', parallel_workers=24, event_handlers=None, ignore_user_meta=False, metas=['./colcon.meta'], base_paths=['.'], packages_ignore=None, packages_ignore_regex=None, paths=None, packages_up_to=None, packages_up_to_regex=None, packages_above=None, packages_above_and_dependencies=None, packages_above_depth=None, packages_select_by_dep=None, packages_skip_by_dep=None, packages_skip_up_to=None, packages_select_build_failed=False, packages_skip_build_finished=False, packages_select_test_failures=False, packages_skip_test_passed=False, packages_select=None, packages_skip=None, packages_select_regex=None, packages_skip_regex=None, packages_start=None, packages_end=None, allow_overriding=[], cmake_args=None, cmake_target=None, cmake_target_skip_unavailable=False, cmake_clean_cache=False, cmake_clean_first=False, cmake_force_configure=False, ament_cmake_args=None, catkin_cmake_args=None, catkin_skip_building_tests=False, verb_parser=<colcon_defaults.argument_parser.defaults.DefaultArgumentsDecorator object at 0x7ff26ddc2e00>, verb_extension=<colcon_core.verb.build.BuildVerb object at 0x7ff26ddc0ca0>, main=<bound method BuildVerb.main of <colcon_core.verb.build.BuildVerb object at 0x7ff26ddc0ca0>>)
[0.488s] Level 1:colcon.colcon_core.package_discovery:discover_packages(colcon_meta) check parameters
[0.488s] Level 1:colcon.colcon_core.package_discovery:discover_packages(recursive) check parameters
[0.488s] Level 1:colcon.colcon_core.package_discovery:discover_packages(ignore) check parameters
[0.488s] Level 1:colcon.colcon_core.package_discovery:discover_packages(path) check parameters
[0.488s] Level 1:colcon.colcon_core.package_discovery:discover_packages(colcon_meta) discover
[0.488s] Level 1:colcon.colcon_core.package_discovery:discover_packages(recursive) discover
[0.488s] INFO:colcon.colcon_core.package_discovery:Crawling recursively for packages in '/home/stevens/robotws/src/hw4code'
[0.488s] Level 1:colcon.colcon_core.package_identification:_identify(.) by extensions ['ignore', 'ignore_ament_install']
[0.488s] Level 1:colcon.colcon_core.package_identification:_identify(.) by extension 'ignore'
[0.488s] Level 1:colcon.colcon_core.package_identification:_identify(.) by extension 'ignore_ament_install'
[0.488s] Level 1:colcon.colcon_core.package_identification:_identify(.) by extensions ['colcon_pkg']
[0.488s] Level 1:colcon.colcon_core.package_identification:_identify(.) by extension 'colcon_pkg'
[0.488s] Level 1:colcon.colcon_core.package_identification:_identify(.) by extensions ['colcon_meta']
[0.488s] Level 1:colcon.colcon_core.package_identification:_identify(.) by extension 'colcon_meta'
[0.488s] Level 1:colcon.colcon_core.package_identification:_identify(.) by extensions ['ros']
[0.488s] Level 1:colcon.colcon_core.package_identification:_identify(.) by extension 'ros'
[0.495s] DEBUG:colcon.colcon_core.package_identification:Package '.' with type 'ros.ament_python' and name 'hw4code'
[0.495s] Level 1:colcon.colcon_core.package_discovery:discover_packages(recursive) using defaults
[0.495s] Level 1:colcon.colcon_core.package_discovery:discover_packages(ignore) discover
[0.495s] Level 1:colcon.colcon_core.package_discovery:discover_packages(ignore) using defaults
[0.495s] Level 1:colcon.colcon_core.package_discovery:discover_packages(path) discover
[0.495s] Level 1:colcon.colcon_core.package_discovery:discover_packages(path) using defaults
[0.537s] Level 1:colcon.colcon_core.package_discovery:discover_packages(prefix_path) check parameters
[0.537s] Level 1:colcon.colcon_core.package_discovery:discover_packages(prefix_path) discover
[0.555s] DEBUG:colcon.colcon_installed_package_information.package_discovery:Found 3 installed packages in /home/stevens/robotws/install
[0.562s] DEBUG:colcon.colcon_installed_package_information.package_discovery:Found 389 installed packages in /opt/ros/humble
[0.563s] Level 1:colcon.colcon_core.package_discovery:discover_packages(prefix_path) using defaults
[0.608s] Level 5:colcon.colcon_core.verb:set package 'hw4code' build argument 'cmake_args' from command line to 'None'
[0.608s] Level 5:colcon.colcon_core.verb:set package 'hw4code' build argument 'cmake_target' from command line to 'None'
[0.608s] Level 5:colcon.colcon_core.verb:set package 'hw4code' build argument 'cmake_target_skip_unavailable' from command line to 'False'
[0.608s] Level 5:colcon.colcon_core.verb:set package 'hw4code' build argument 'cmake_clean_cache' from command line to 'False'
[0.608s] Level 5:colcon.colcon_core.verb:set package 'hw4code' build argument 'cmake_clean_first' from command line to 'False'
[0.608s] Level 5:colcon.colcon_core.verb:set package 'hw4code' build argument 'cmake_force_configure' from command line to 'False'
[0.608s] Level 5:colcon.colcon_core.verb:set package 'hw4code' build argument 'ament_cmake_args' from command line to 'None'
[0.608s] Level 5:colcon.colcon_core.verb:set package 'hw4code' build argument 'catkin_cmake_args' from command line to 'None'
[0.608s] Level 5:colcon.colcon_core.verb:set package 'hw4code' build argument 'catkin_skip_building_tests' from command line to 'False'
[0.608s] DEBUG:colcon.colcon_core.verb:Building package 'hw4code' with the following arguments: {'ament_cmake_args': None, 'build_base': '/home/stevens/robotws/src/hw4code/build/hw4code', 'catkin_cmake_args': None, 'catkin_skip_building_tests': False, 'cmake_args': None, 'cmake_clean_cache': False, 'cmake_clean_first': False, 'cmake_force_configure': False, 'cmake_target': None, 'cmake_target_skip_unavailable': False, 'install_base': '/home/stevens/robotws/src/hw4code/install/hw4code', 'merge_install': False, 'path': '/home/stevens/robotws/src/hw4code', 'symlink_install': True, 'test_result_base': None}
[0.615s] INFO:colcon.colcon_core.executor:Executing jobs using 'parallel' executor
[0.622s] DEBUG:colcon.colcon_parallel_executor.executor.parallel:run_until_complete
[0.622s] INFO:colcon.colcon_ros.task.ament_python.build:Building ROS package in '/home/stevens/robotws/src/hw4code' with build type 'ament_python'
[0.622s] Level 1:colcon.colcon_core.shell:create_environment_hook('hw4code', 'ament_prefix_path')
[0.630s] INFO:colcon.colcon_core.plugin_system:Skipping extension 'colcon_core.shell.bat': Not used on non-Windows systems
[0.630s] INFO:colcon.colcon_core.shell:Creating environment hook '/home/stevens/robotws/src/hw4code/install/hw4code/share/hw4code/hook/ament_prefix_path.ps1'
[0.630s] INFO:colcon.colcon_core.shell:Creating environment descriptor '/home/stevens/robotws/src/hw4code/install/hw4code/share/hw4code/hook/ament_prefix_path.dsv'
[0.631s] INFO:colcon.colcon_core.shell:Creating environment hook '/home/stevens/robotws/src/hw4code/install/hw4code/share/hw4code/hook/ament_prefix_path.sh'
[0.637s] INFO:colcon.colcon_core.shell:Skip shell extension 'powershell' for command environment: Not usable outside of PowerShell
[0.637s] DEBUG:colcon.colcon_core.shell:Skip shell extension 'dsv' for command environment
[0.782s] INFO:colcon.colcon_core.task.python.build:Building Python package in '/home/stevens/robotws/src/hw4code'
[0.789s] INFO:colcon.colcon_core.shell:Skip shell extension 'powershell' for command environment: Not usable outside of PowerShell
[0.789s] DEBUG:colcon.colcon_core.shell:Skip shell extension 'dsv' for command environment
[0.986s] DEBUG:colcon.colcon_core.event_handler.log_command:Invoking command in '/home/stevens/robotws/src/hw4code/build/hw4code': PYTHONPATH=/home/stevens/robotws/src/hw4code/build/hw4code/prefix_override:/home/stevens/robotws/src/hw4code/install/hw4code/lib/python3.10/site-packages:${PYTHONPATH} /usr/bin/python3 setup.py develop --editable --build-directory /home/stevens/robotws/src/hw4code/build/hw4code/build --no-deps install_data
[1.209s] Level 1:colcon.colcon_core.shell:create_environment_hook('hw4code', 'pythonpath_develop')
[1.209s] DEBUG:colcon.colcon_core.event_handler.log_command:Invoked command in '/home/stevens/robotws/src/hw4code/build/hw4code' returned '0': PYTHONPATH=/home/stevens/robotws/src/hw4code/build/hw4code/prefix_override:/home/stevens/robotws/src/hw4code/install/hw4code/lib/python3.10/site-packages:${PYTHONPATH} /usr/bin/python3 setup.py develop --editable --build-directory /home/stevens/robotws/src/hw4code/build/hw4code/build --no-deps install_data
[1.217s] INFO:colcon.colcon_core.shell:Creating environment hook '/home/stevens/robotws/src/hw4code/build/hw4code/share/hw4code/hook/pythonpath_develop.ps1'
[1.217s] INFO:colcon.colcon_core.shell:Creating environment descriptor '/home/stevens/robotws/src/hw4code/build/hw4code/share/hw4code/hook/pythonpath_develop.dsv'
[1.217s] INFO:colcon.colcon_core.shell:Creating environment hook '/home/stevens/robotws/src/hw4code/build/hw4code/share/hw4code/hook/pythonpath_develop.sh'
[1.225s] Level 1:colcon.colcon_core.environment:checking '/home/stevens/robotws/src/hw4code/install/hw4code' for CMake module files
[1.225s] Level 1:colcon.colcon_core.environment:checking '/home/stevens/robotws/src/hw4code/install/hw4code' for CMake config files
[1.225s] Level 1:colcon.colcon_core.environment:checking '/home/stevens/robotws/src/hw4code/install/hw4code/lib'
[1.225s] Level 1:colcon.colcon_core.environment:checking '/home/stevens/robotws/src/hw4code/install/hw4code/bin'
[1.225s] Level 1:colcon.colcon_core.environment:checking '/home/stevens/robotws/src/hw4code/install/hw4code/lib/pkgconfig/hw4code.pc'
[1.225s] Level 1:colcon.colcon_core.environment:checking '/home/stevens/robotws/src/hw4code/install/hw4code/lib/python3.10/site-packages'
[1.225s] Level 1:colcon.colcon_core.shell:create_environment_hook('hw4code', 'pythonpath')
[1.232s] INFO:colcon.colcon_core.shell:Creating environment hook '/home/stevens/robotws/src/hw4code/install/hw4code/share/hw4code/hook/pythonpath.ps1'
[1.232s] INFO:colcon.colcon_core.shell:Creating environment descriptor '/home/stevens/robotws/src/hw4code/install/hw4code/share/hw4code/hook/pythonpath.dsv'
[1.232s] INFO:colcon.colcon_core.shell:Creating environment hook '/home/stevens/robotws/src/hw4code/install/hw4code/share/hw4code/hook/pythonpath.sh'
[1.233s] Level 1:colcon.colcon_core.environment:checking '/home/stevens/robotws/src/hw4code/install/hw4code/bin'
[1.233s] Level 1:colcon.colcon_core.environment:create_environment_scripts_only(hw4code)
[1.239s] INFO:colcon.colcon_core.shell:Creating package script '/home/stevens/robotws/src/hw4code/install/hw4code/share/hw4code/package.ps1'
[1.240s] INFO:colcon.colcon_core.shell:Creating package descriptor '/home/stevens/robotws/src/hw4code/install/hw4code/share/hw4code/package.dsv'
[1.240s] INFO:colcon.colcon_core.shell:Creating package script '/home/stevens/robotws/src/hw4code/install/hw4code/share/hw4code/package.sh'
[1.240s] INFO:colcon.colcon_core.shell:Creating package script '/home/stevens/robotws/src/hw4code/install/hw4code/share/hw4code/package.bash'
[1.240s] INFO:colcon.colcon_core.shell:Creating package script '/home/stevens/robotws/src/hw4code/install/hw4code/share/hw4code/package.zsh'
[1.240s] Level 1:colcon.colcon_core.environment:create_file_with_runtime_dependencies(/home/stevens/robotws/src/hw4code/install/hw4code/share/colcon-core/packages/hw4code)
[1.241s] DEBUG:colcon.colcon_parallel_executor.executor.parallel:closing loop
[1.241s] DEBUG:colcon.colcon_parallel_executor.executor.parallel:loop closed
[1.241s] DEBUG:colcon.colcon_parallel_executor.executor.parallel:run_until_complete finished with '0'
[1.241s] DEBUG:colcon.colcon_core.event_reactor:joining thread
[1.250s] INFO:colcon.colcon_core.plugin_system:Skipping extension 'colcon_notification.desktop_notification.terminal_notifier': Not used on non-Darwin systems
[1.250s] INFO:colcon.colcon_core.plugin_system:Skipping extension 'colcon_notification.desktop_notification.win32': Not used on non-Windows systems
[1.250s] INFO:colcon.colcon_notification.desktop_notification:Sending desktop notification using 'notify2'
[1.265s] DEBUG:colcon.colcon_core.event_reactor:joined thread
[1.273s] INFO:colcon.colcon_core.shell:Creating prefix script '/home/stevens/robotws/src/hw4code/install/local_setup.ps1'
[1.274s] INFO:colcon.colcon_core.shell:Creating prefix util module '/home/stevens/robotws/src/hw4code/install/_local_setup_util_ps1.py'
[1.274s] INFO:colcon.colcon_core.shell:Creating prefix chain script '/home/stevens/robotws/src/hw4code/install/setup.ps1'
[1.281s] INFO:colcon.colcon_core.shell:Creating prefix script '/home/stevens/robotws/src/hw4code/install/local_setup.sh'
[1.282s] INFO:colcon.colcon_core.shell:Creating prefix util module '/home/stevens/robotws/src/hw4code/install/_local_setup_util_sh.py'
[1.282s] INFO:colcon.colcon_core.shell:Creating prefix chain script '/home/stevens/robotws/src/hw4code/install/setup.sh'
[1.289s] INFO:colcon.colcon_core.shell:Creating prefix script '/home/stevens/robotws/src/hw4code/install/local_setup.bash'
[1.289s] INFO:colcon.colcon_core.shell:Creating prefix chain script '/home/stevens/robotws/src/hw4code/install/setup.bash'
[1.296s] INFO:colcon.colcon_core.shell:Creating prefix script '/home/stevens/robotws/src/hw4code/install/local_setup.zsh'
[1.296s] INFO:colcon.colcon_core.shell:Creating prefix chain script '/home/stevens/robotws/src/hw4code/install/setup.zsh'
