[0.477s] DEBUG:colcon:Command line arguments: ['/usr/bin/colcon', 'build', '--symlink-install']
[0.477s] DEBUG:colcon:Parsed command line arguments: Namespace(log_base=None, log_level=None, verb_name='build', build_base='build', install_base='install', merge_install=False, symlink_install=True, test_result_base=None, continue_on_error=False, executor='parallel', parallel_workers=24, event_handlers=None, ignore_user_meta=False, metas=['./colcon.meta'], base_paths=['.'], packages_ignore=None, packages_ignore_regex=None, paths=None, packages_up_to=None, packages_up_to_regex=None, packages_above=None, packages_above_and_dependencies=None, packages_above_depth=None, packages_select_by_dep=None, packages_skip_by_dep=None, packages_skip_up_to=None, packages_select_build_failed=False, packages_skip_build_finished=False, packages_select_test_failures=False, packages_skip_test_passed=False, packages_select=None, packages_skip=None, packages_select_regex=None, packages_skip_regex=None, packages_start=None, packages_end=None, allow_overriding=[], cmake_args=None, cmake_target=None, cmake_target_skip_unavailable=False, cmake_clean_cache=False, cmake_clean_first=False, cmake_force_configure=False, ament_cmake_args=None, catkin_cmake_args=None, catkin_skip_building_tests=False, verb_parser=<colcon_defaults.argument_parser.defaults.DefaultArgumentsDecorator object at 0x7f2a2a0fbdf0>, verb_extension=<colcon_core.verb.build.BuildVerb object at 0x7f2a2a0f84c0>, main=<bound method BuildVerb.main of <colcon_core.verb.build.BuildVerb object at 0x7f2a2a0f84c0>>)
[0.502s] Level 1:colcon.colcon_core.package_discovery:discover_packages(colcon_meta) check parameters
[0.502s] Level 1:colcon.colcon_core.package_discovery:discover_packages(recursive) check parameters
[0.502s] Level 1:colcon.colcon_core.package_discovery:discover_packages(ignore) check parameters
[0.502s] Level 1:colcon.colcon_core.package_discovery:discover_packages(path) check parameters
[0.502s] Level 1:colcon.colcon_core.package_discovery:discover_packages(colcon_meta) discover
[0.502s] Level 1:colcon.colcon_core.package_discovery:discover_packages(recursive) discover
[0.502s] INFO:colcon.colcon_core.package_discovery:Crawling recursively for packages in '/home/stevens/robotws'
[0.503s] Level 1:colcon.colcon_core.package_identification:_identify(.) by extensions ['ignore', 'ignore_ament_install']
[0.503s] Level 1:colcon.colcon_core.package_identification:_identify(.) by extension 'ignore'
[0.503s] Level 1:colcon.colcon_core.package_identification:_identify(.) by extension 'ignore_ament_install'
[0.503s] Level 1:colcon.colcon_core.package_identification:_identify(.) by extensions ['colcon_pkg']
[0.503s] Level 1:colcon.colcon_core.package_identification:_identify(.) by extension 'colcon_pkg'
[0.503s] Level 1:colcon.colcon_core.package_identification:_identify(.) by extensions ['colcon_meta']
[0.503s] Level 1:colcon.colcon_core.package_identification:_identify(.) by extension 'colcon_meta'
[0.503s] Level 1:colcon.colcon_core.package_identification:_identify(.) by extensions ['ros']
[0.503s] Level 1:colcon.colcon_core.package_identification:_identify(.) by extension 'ros'
[0.508s] Level 1:colcon.colcon_core.package_identification:_identify(.) by extensions ['cmake', 'python']
[0.508s] Level 1:colcon.colcon_core.package_identification:_identify(.) by extension 'cmake'
[0.508s] Level 1:colcon.colcon_core.package_identification:_identify(.) by extension 'python'
[0.508s] Level 1:colcon.colcon_core.package_identification:_identify(.) by extensions ['python_setup_py']
[0.508s] Level 1:colcon.colcon_core.package_identification:_identify(.) by extension 'python_setup_py'
[0.508s] Level 1:colcon.colcon_core.package_identification:_identify(build) by extensions ['ignore', 'ignore_ament_install']
[0.508s] Level 1:colcon.colcon_core.package_identification:_identify(build) by extension 'ignore'
[0.508s] Level 1:colcon.colcon_core.package_identification:_identify(build) ignored
[0.508s] Level 1:colcon.colcon_core.package_identification:_identify(install) by extensions ['ignore', 'ignore_ament_install']
[0.508s] Level 1:colcon.colcon_core.package_identification:_identify(install) by extension 'ignore'
[0.508s] Level 1:colcon.colcon_core.package_identification:_identify(install) ignored
[0.508s] Level 1:colcon.colcon_core.package_identification:_identify(log) by extensions ['ignore', 'ignore_ament_install']
[0.508s] Level 1:colcon.colcon_core.package_identification:_identify(log) by extension 'ignore'
[0.508s] Level 1:colcon.colcon_core.package_identification:_identify(log) ignored
[0.508s] Level 1:colcon.colcon_core.package_identification:_identify(src) by extensions ['ignore', 'ignore_ament_install']
[0.508s] Level 1:colcon.colcon_core.package_identification:_identify(src) by extension 'ignore'
[0.508s] Level 1:colcon.colcon_core.package_identification:_identify(src) by extension 'ignore_ament_install'
[0.508s] Level 1:colcon.colcon_core.package_identification:_identify(src) by extensions ['colcon_pkg']
[0.508s] Level 1:colcon.colcon_core.package_identification:_identify(src) by extension 'colcon_pkg'
[0.508s] Level 1:colcon.colcon_core.package_identification:_identify(src) by extensions ['colcon_meta']
[0.508s] Level 1:colcon.colcon_core.package_identification:_identify(src) by extension 'colcon_meta'
[0.509s] Level 1:colcon.colcon_core.package_identification:_identify(src) by extensions ['ros']
[0.509s] Level 1:colcon.colcon_core.package_identification:_identify(src) by extension 'ros'
[0.509s] Level 1:colcon.colcon_core.package_identification:_identify(src) by extensions ['cmake', 'python']
[0.509s] Level 1:colcon.colcon_core.package_identification:_identify(src) by extension 'cmake'
[0.509s] Level 1:colcon.colcon_core.package_identification:_identify(src) by extension 'python'
[0.509s] Level 1:colcon.colcon_core.package_identification:_identify(src) by extensions ['python_setup_py']
[0.509s] Level 1:colcon.colcon_core.package_identification:_identify(src) by extension 'python_setup_py'
[0.509s] Level 1:colcon.colcon_core.package_identification:_identify(src/atlas_description) by extensions ['ignore', 'ignore_ament_install']
[0.509s] Level 1:colcon.colcon_core.package_identification:_identify(src/atlas_description) by extension 'ignore'
[0.509s] Level 1:colcon.colcon_core.package_identification:_identify(src/atlas_description) by extension 'ignore_ament_install'
[0.509s] Level 1:colcon.colcon_core.package_identification:_identify(src/atlas_description) by extensions ['colcon_pkg']
[0.509s] Level 1:colcon.colcon_core.package_identification:_identify(src/atlas_description) by extension 'colcon_pkg'
[0.509s] Level 1:colcon.colcon_core.package_identification:_identify(src/atlas_description) by extensions ['colcon_meta']
[0.509s] Level 1:colcon.colcon_core.package_identification:_identify(src/atlas_description) by extension 'colcon_meta'
[0.509s] Level 1:colcon.colcon_core.package_identification:_identify(src/atlas_description) by extensions ['ros']
[0.509s] Level 1:colcon.colcon_core.package_identification:_identify(src/atlas_description) by extension 'ros'
[0.510s] DEBUG:colcon.colcon_core.package_identification:Package 'src/atlas_description' with type 'ros.ament_cmake' and name 'atlas_description'
[0.510s] Level 1:colcon.colcon_core.package_identification:_identify(src/hw3code) by extensions ['ignore', 'ignore_ament_install']
[0.510s] Level 1:colcon.colcon_core.package_identification:_identify(src/hw3code) by extension 'ignore'
[0.510s] Level 1:colcon.colcon_core.package_identification:_identify(src/hw3code) by extension 'ignore_ament_install'
[0.510s] Level 1:colcon.colcon_core.package_identification:_identify(src/hw3code) by extensions ['colcon_pkg']
[0.510s] Level 1:colcon.colcon_core.package_identification:_identify(src/hw3code) by extension 'colcon_pkg'
[0.510s] Level 1:colcon.colcon_core.package_identification:_identify(src/hw3code) by extensions ['colcon_meta']
[0.510s] Level 1:colcon.colcon_core.package_identification:_identify(src/hw3code) by extension 'colcon_meta'
[0.510s] Level 1:colcon.colcon_core.package_identification:_identify(src/hw3code) by extensions ['ros']
[0.510s] Level 1:colcon.colcon_core.package_identification:_identify(src/hw3code) by extension 'ros'
[0.511s] DEBUG:colcon.colcon_core.package_identification:Package 'src/hw3code' with type 'ros.ament_python' and name 'hw3code'
[0.511s] Level 1:colcon.colcon_core.package_identification:_identify(src/hw4code) by extensions ['ignore', 'ignore_ament_install']
[0.511s] Level 1:colcon.colcon_core.package_identification:_identify(src/hw4code) by extension 'ignore'
[0.511s] Level 1:colcon.colcon_core.package_identification:_identify(src/hw4code) by extension 'ignore_ament_install'
[0.511s] Level 1:colcon.colcon_core.package_identification:_identify(src/hw4code) by extensions ['colcon_pkg']
[0.511s] Level 1:colcon.colcon_core.package_identification:_identify(src/hw4code) by extension 'colcon_pkg'
[0.511s] Level 1:colcon.colcon_core.package_identification:_identify(src/hw4code) by extensions ['colcon_meta']
[0.511s] Level 1:colcon.colcon_core.package_identification:_identify(src/hw4code) by extension 'colcon_meta'
[0.511s] Level 1:colcon.colcon_core.package_identification:_identify(src/hw4code) by extensions ['ros']
[0.511s] Level 1:colcon.colcon_core.package_identification:_identify(src/hw4code) by extension 'ros'
[0.511s] DEBUG:colcon.colcon_core.package_identification:Package 'src/hw4code' with type 'ros.ament_python' and name 'hw4code'
[0.511s] Level 1:colcon.colcon_core.package_discovery:discover_packages(recursive) using defaults
[0.511s] Level 1:colcon.colcon_core.package_discovery:discover_packages(ignore) discover
[0.511s] Level 1:colcon.colcon_core.package_discovery:discover_packages(ignore) using defaults
[0.511s] Level 1:colcon.colcon_core.package_discovery:discover_packages(path) discover
[0.511s] Level 1:colcon.colcon_core.package_discovery:discover_packages(path) using defaults
[0.554s] Level 1:colcon.colcon_core.package_discovery:discover_packages(prefix_path) check parameters
[0.554s] Level 1:colcon.colcon_core.package_discovery:discover_packages(prefix_path) discover
[0.572s] DEBUG:colcon.colcon_installed_package_information.package_discovery:Found 2 installed packages in /home/stevens/robotws/install
[0.579s] DEBUG:colcon.colcon_installed_package_information.package_discovery:Found 389 installed packages in /opt/ros/humble
[0.580s] Level 1:colcon.colcon_core.package_discovery:discover_packages(prefix_path) using defaults
[0.625s] Level 5:colcon.colcon_core.verb:set package 'atlas_description' build argument 'cmake_args' from command line to 'None'
[0.625s] Level 5:colcon.colcon_core.verb:set package 'atlas_description' build argument 'cmake_target' from command line to 'None'
[0.625s] Level 5:colcon.colcon_core.verb:set package 'atlas_description' build argument 'cmake_target_skip_unavailable' from command line to 'False'
[0.625s] Level 5:colcon.colcon_core.verb:set package 'atlas_description' build argument 'cmake_clean_cache' from command line to 'False'
[0.625s] Level 5:colcon.colcon_core.verb:set package 'atlas_description' build argument 'cmake_clean_first' from command line to 'False'
[0.625s] Level 5:colcon.colcon_core.verb:set package 'atlas_description' build argument 'cmake_force_configure' from command line to 'False'
[0.625s] Level 5:colcon.colcon_core.verb:set package 'atlas_description' build argument 'ament_cmake_args' from command line to 'None'
[0.625s] Level 5:colcon.colcon_core.verb:set package 'atlas_description' build argument 'catkin_cmake_args' from command line to 'None'
[0.625s] Level 5:colcon.colcon_core.verb:set package 'atlas_description' build argument 'catkin_skip_building_tests' from command line to 'False'
[0.625s] DEBUG:colcon.colcon_core.verb:Building package 'atlas_description' with the following arguments: {'ament_cmake_args': None, 'build_base': '/home/stevens/robotws/build/atlas_description', 'catkin_cmake_args': None, 'catkin_skip_building_tests': False, 'cmake_args': None, 'cmake_clean_cache': False, 'cmake_clean_first': False, 'cmake_force_configure': False, 'cmake_target': None, 'cmake_target_skip_unavailable': False, 'install_base': '/home/stevens/robotws/install/atlas_description', 'merge_install': False, 'path': '/home/stevens/robotws/src/atlas_description', 'symlink_install': True, 'test_result_base': None}
[0.631s] Level 5:colcon.colcon_core.verb:set package 'hw3code' build argument 'cmake_args' from command line to 'None'
[0.631s] Level 5:colcon.colcon_core.verb:set package 'hw3code' build argument 'cmake_target' from command line to 'None'
[0.631s] Level 5:colcon.colcon_core.verb:set package 'hw3code' build argument 'cmake_target_skip_unavailable' from command line to 'False'
[0.631s] Level 5:colcon.colcon_core.verb:set package 'hw3code' build argument 'cmake_clean_cache' from command line to 'False'
[0.631s] Level 5:colcon.colcon_core.verb:set package 'hw3code' build argument 'cmake_clean_first' from command line to 'False'
[0.631s] Level 5:colcon.colcon_core.verb:set package 'hw3code' build argument 'cmake_force_configure' from command line to 'False'
[0.631s] Level 5:colcon.colcon_core.verb:set package 'hw3code' build argument 'ament_cmake_args' from command line to 'None'
[0.631s] Level 5:colcon.colcon_core.verb:set package 'hw3code' build argument 'catkin_cmake_args' from command line to 'None'
[0.631s] Level 5:colcon.colcon_core.verb:set package 'hw3code' build argument 'catkin_skip_building_tests' from command line to 'False'
[0.631s] DEBUG:colcon.colcon_core.verb:Building package 'hw3code' with the following arguments: {'ament_cmake_args': None, 'build_base': '/home/stevens/robotws/build/hw3code', 'catkin_cmake_args': None, 'catkin_skip_building_tests': False, 'cmake_args': None, 'cmake_clean_cache': False, 'cmake_clean_first': False, 'cmake_force_configure': False, 'cmake_target': None, 'cmake_target_skip_unavailable': False, 'install_base': '/home/stevens/robotws/install/hw3code', 'merge_install': False, 'path': '/home/stevens/robotws/src/hw3code', 'symlink_install': True, 'test_result_base': None}
[0.638s] Level 5:colcon.colcon_core.verb:set package 'hw4code' build argument 'cmake_args' from command line to 'None'
[0.638s] Level 5:colcon.colcon_core.verb:set package 'hw4code' build argument 'cmake_target' from command line to 'None'
[0.638s] Level 5:colcon.colcon_core.verb:set package 'hw4code' build argument 'cmake_target_skip_unavailable' from command line to 'False'
[0.638s] Level 5:colcon.colcon_core.verb:set package 'hw4code' build argument 'cmake_clean_cache' from command line to 'False'
[0.638s] Level 5:colcon.colcon_core.verb:set package 'hw4code' build argument 'cmake_clean_first' from command line to 'False'
[0.638s] Level 5:colcon.colcon_core.verb:set package 'hw4code' build argument 'cmake_force_configure' from command line to 'False'
[0.638s] Level 5:colcon.colcon_core.verb:set package 'hw4code' build argument 'ament_cmake_args' from command line to 'None'
[0.638s] Level 5:colcon.colcon_core.verb:set package 'hw4code' build argument 'catkin_cmake_args' from command line to 'None'
[0.638s] Level 5:colcon.colcon_core.verb:set package 'hw4code' build argument 'catkin_skip_building_tests' from command line to 'False'
[0.638s] DEBUG:colcon.colcon_core.verb:Building package 'hw4code' with the following arguments: {'ament_cmake_args': None, 'build_base': '/home/stevens/robotws/build/hw4code', 'catkin_cmake_args': None, 'catkin_skip_building_tests': False, 'cmake_args': None, 'cmake_clean_cache': False, 'cmake_clean_first': False, 'cmake_force_configure': False, 'cmake_target': None, 'cmake_target_skip_unavailable': False, 'install_base': '/home/stevens/robotws/install/hw4code', 'merge_install': False, 'path': '/home/stevens/robotws/src/hw4code', 'symlink_install': True, 'test_result_base': None}
[0.644s] INFO:colcon.colcon_core.executor:Executing jobs using 'parallel' executor
[0.651s] DEBUG:colcon.colcon_parallel_executor.executor.parallel:run_until_complete
[0.651s] INFO:colcon.colcon_ros.task.ament_cmake.build:Building ROS package in '/home/stevens/robotws/src/atlas_description' with build type 'ament_cmake'
[0.651s] INFO:colcon.colcon_cmake.task.cmake.build:Building CMake package in '/home/stevens/robotws/src/atlas_description'
[0.660s] INFO:colcon.colcon_core.plugin_system:Skipping extension 'colcon_core.shell.bat': Not used on non-Windows systems
[0.660s] INFO:colcon.colcon_core.shell:Skip shell extension 'powershell' for command environment: Not usable outside of PowerShell
[0.660s] DEBUG:colcon.colcon_core.shell:Skip shell extension 'dsv' for command environment
[0.681s] INFO:colcon.colcon_ros.task.ament_python.build:Building ROS package in '/home/stevens/robotws/src/hw3code' with build type 'ament_python'
[0.681s] Level 1:colcon.colcon_core.shell:create_environment_hook('hw3code', 'ament_prefix_path')
[0.688s] INFO:colcon.colcon_core.shell:Creating environment hook '/home/stevens/robotws/install/hw3code/share/hw3code/hook/ament_prefix_path.ps1'
[0.688s] INFO:colcon.colcon_core.shell:Creating environment descriptor '/home/stevens/robotws/install/hw3code/share/hw3code/hook/ament_prefix_path.dsv'
[0.689s] INFO:colcon.colcon_core.shell:Creating environment hook '/home/stevens/robotws/install/hw3code/share/hw3code/hook/ament_prefix_path.sh'
[0.696s] INFO:colcon.colcon_core.shell:Skip shell extension 'powershell' for command environment: Not usable outside of PowerShell
[0.696s] DEBUG:colcon.colcon_core.shell:Skip shell extension 'dsv' for command environment
[0.717s] INFO:colcon.colcon_ros.task.ament_python.build:Building ROS package in '/home/stevens/robotws/src/hw4code' with build type 'ament_python'
[0.717s] Level 1:colcon.colcon_core.shell:create_environment_hook('hw4code', 'ament_prefix_path')
[0.724s] INFO:colcon.colcon_core.shell:Creating environment hook '/home/stevens/robotws/install/hw4code/share/hw4code/hook/ament_prefix_path.ps1'
[0.724s] INFO:colcon.colcon_core.shell:Creating environment descriptor '/home/stevens/robotws/install/hw4code/share/hw4code/hook/ament_prefix_path.dsv'
[0.725s] INFO:colcon.colcon_core.shell:Creating environment hook '/home/stevens/robotws/install/hw4code/share/hw4code/hook/ament_prefix_path.sh'
[0.731s] INFO:colcon.colcon_core.shell:Skip shell extension 'powershell' for command environment: Not usable outside of PowerShell
[0.731s] DEBUG:colcon.colcon_core.shell:Skip shell extension 'dsv' for command environment
[0.755s] DEBUG:colcon.colcon_core.event_handler.log_command:Invoking command in '/home/stevens/robotws/build/atlas_description': CMAKE_PREFIX_PATH=${CMAKE_PREFIX_PATH}:/home/stevens/robotws/install/hw3code:/opt/ros/humble /usr/bin/cmake --build /home/stevens/robotws/build/atlas_description -- -j24 -l24
[0.876s] INFO:colcon.colcon_core.task.python.build:Building Python package in '/home/stevens/robotws/src/hw3code'
[0.884s] INFO:colcon.colcon_core.shell:Skip shell extension 'powershell' for command environment: Not usable outside of PowerShell
[0.884s] DEBUG:colcon.colcon_core.shell:Skip shell extension 'dsv' for command environment
[1.027s] INFO:colcon.colcon_core.task.python.build:Building Python package in '/home/stevens/robotws/src/hw4code'
[1.034s] INFO:colcon.colcon_core.shell:Skip shell extension 'powershell' for command environment: Not usable outside of PowerShell
[1.034s] DEBUG:colcon.colcon_core.shell:Skip shell extension 'dsv' for command environment
[1.064s] DEBUG:colcon.colcon_core.event_handler.log_command:Invoked command in '/home/stevens/robotws/build/atlas_description' returned '0': CMAKE_PREFIX_PATH=${CMAKE_PREFIX_PATH}:/home/stevens/robotws/install/hw3code:/opt/ros/humble /usr/bin/cmake --build /home/stevens/robotws/build/atlas_description -- -j24 -l24
[1.076s] DEBUG:colcon.colcon_core.event_handler.log_command:Invoking command in '/home/stevens/robotws/build/atlas_description': CMAKE_PREFIX_PATH=${CMAKE_PREFIX_PATH}:/home/stevens/robotws/install/hw3code:/opt/ros/humble /usr/bin/cmake --install /home/stevens/robotws/build/atlas_description
[1.095s] Level 1:colcon.colcon_core.environment:create_environment_scripts_only(atlas_description)
[1.095s] DEBUG:colcon.colcon_core.event_handler.log_command:Invoked command in '/home/stevens/robotws/build/atlas_description' returned '0': CMAKE_PREFIX_PATH=${CMAKE_PREFIX_PATH}:/home/stevens/robotws/install/hw3code:/opt/ros/humble /usr/bin/cmake --install /home/stevens/robotws/build/atlas_description
[1.104s] Level 1:colcon.colcon_core.environment:checking '/home/stevens/robotws/install/atlas_description' for CMake module files
[1.104s] Level 1:colcon.colcon_core.environment:checking '/home/stevens/robotws/install/atlas_description' for CMake config files
[1.104s] Level 1:colcon.colcon_core.shell:create_environment_hook('atlas_description', 'cmake_prefix_path')
[1.111s] INFO:colcon.colcon_core.shell:Creating environment hook '/home/stevens/robotws/install/atlas_description/share/atlas_description/hook/cmake_prefix_path.ps1'
[1.111s] INFO:colcon.colcon_core.shell:Creating environment descriptor '/home/stevens/robotws/install/atlas_description/share/atlas_description/hook/cmake_prefix_path.dsv'
[1.111s] INFO:colcon.colcon_core.shell:Creating environment hook '/home/stevens/robotws/install/atlas_description/share/atlas_description/hook/cmake_prefix_path.sh'
[1.112s] Level 1:colcon.colcon_core.environment:checking '/home/stevens/robotws/install/atlas_description/bin'
[1.112s] Level 1:colcon.colcon_core.environment:checking '/home/stevens/robotws/install/atlas_description/lib/pkgconfig/atlas_description.pc'
[1.112s] Level 1:colcon.colcon_core.environment:checking '/home/stevens/robotws/install/atlas_description/lib/python3.10/site-packages'
[1.112s] Level 1:colcon.colcon_core.environment:checking '/home/stevens/robotws/install/atlas_description/bin'
[1.119s] INFO:colcon.colcon_core.shell:Creating package script '/home/stevens/robotws/install/atlas_description/share/atlas_description/package.ps1'
[1.119s] INFO:colcon.colcon_core.shell:Creating package descriptor '/home/stevens/robotws/install/atlas_description/share/atlas_description/package.dsv'
[1.119s] INFO:colcon.colcon_core.shell:Creating package script '/home/stevens/robotws/install/atlas_description/share/atlas_description/package.sh'
[1.120s] INFO:colcon.colcon_core.shell:Creating package script '/home/stevens/robotws/install/atlas_description/share/atlas_description/package.bash'
[1.120s] INFO:colcon.colcon_core.shell:Creating package script '/home/stevens/robotws/install/atlas_description/share/atlas_description/package.zsh'
[1.120s] Level 1:colcon.colcon_core.environment:create_file_with_runtime_dependencies(/home/stevens/robotws/install/atlas_description/share/colcon-core/packages/atlas_description)
[1.136s] Level 1:colcon.colcon_core.environment:create_environment_scripts_only(atlas_description)
[1.142s] Level 1:colcon.colcon_core.environment:checking '/home/stevens/robotws/install/atlas_description' for CMake module files
[1.143s] Level 1:colcon.colcon_core.environment:checking '/home/stevens/robotws/install/atlas_description' for CMake config files
[1.143s] Level 1:colcon.colcon_core.shell:create_environment_hook('atlas_description', 'cmake_prefix_path')
[1.149s] INFO:colcon.colcon_core.shell:Creating environment hook '/home/stevens/robotws/install/atlas_description/share/atlas_description/hook/cmake_prefix_path.ps1'
[1.150s] INFO:colcon.colcon_core.shell:Creating environment descriptor '/home/stevens/robotws/install/atlas_description/share/atlas_description/hook/cmake_prefix_path.dsv'
[1.150s] INFO:colcon.colcon_core.shell:Creating environment hook '/home/stevens/robotws/install/atlas_description/share/atlas_description/hook/cmake_prefix_path.sh'
[1.150s] Level 1:colcon.colcon_core.environment:checking '/home/stevens/robotws/install/atlas_description/bin'
[1.150s] Level 1:colcon.colcon_core.environment:checking '/home/stevens/robotws/install/atlas_description/lib/pkgconfig/atlas_description.pc'
[1.150s] Level 1:colcon.colcon_core.environment:checking '/home/stevens/robotws/install/atlas_description/lib/python3.10/site-packages'
[1.150s] Level 1:colcon.colcon_core.environment:checking '/home/stevens/robotws/install/atlas_description/bin'
[1.157s] INFO:colcon.colcon_core.shell:Creating package script '/home/stevens/robotws/install/atlas_description/share/atlas_description/package.ps1'
[1.157s] INFO:colcon.colcon_core.shell:Creating package descriptor '/home/stevens/robotws/install/atlas_description/share/atlas_description/package.dsv'
[1.157s] INFO:colcon.colcon_core.shell:Creating package script '/home/stevens/robotws/install/atlas_description/share/atlas_description/package.sh'
[1.157s] INFO:colcon.colcon_core.shell:Creating package script '/home/stevens/robotws/install/atlas_description/share/atlas_description/package.bash'
[1.158s] INFO:colcon.colcon_core.shell:Creating package script '/home/stevens/robotws/install/atlas_description/share/atlas_description/package.zsh'
[1.158s] Level 1:colcon.colcon_core.environment:create_file_with_runtime_dependencies(/home/stevens/robotws/install/atlas_description/share/colcon-core/packages/atlas_description)
[1.301s] DEBUG:colcon.colcon_core.event_handler.log_command:Invoking command in '/home/stevens/robotws/build/hw3code': PYTHONPATH=/home/stevens/robotws/build/hw3code/prefix_override:/home/stevens/robotws/install/hw3code/lib/python3.10/site-packages:${PYTHONPATH} /usr/bin/python3 setup.py develop --editable --build-directory /home/stevens/robotws/build/hw3code/build --no-deps install_data
[1.302s] DEBUG:colcon.colcon_core.event_handler.log_command:Invoking command in '/home/stevens/robotws/build/hw4code': PYTHONPATH=/home/stevens/robotws/build/hw4code/prefix_override:/home/stevens/robotws/install/hw4code/lib/python3.10/site-packages:${PYTHONPATH} /usr/bin/python3 setup.py develop --editable --build-directory /home/stevens/robotws/build/hw4code/build --no-deps install_data
[1.531s] Level 1:colcon.colcon_core.shell:create_environment_hook('hw4code', 'pythonpath_develop')
[1.531s] DEBUG:colcon.colcon_core.event_handler.log_command:Invoked command in '/home/stevens/robotws/build/hw4code' returned '0': PYTHONPATH=/home/stevens/robotws/build/hw4code/prefix_override:/home/stevens/robotws/install/hw4code/lib/python3.10/site-packages:${PYTHONPATH} /usr/bin/python3 setup.py develop --editable --build-directory /home/stevens/robotws/build/hw4code/build --no-deps install_data
[1.538s] INFO:colcon.colcon_core.shell:Creating environment hook '/home/stevens/robotws/build/hw4code/share/hw4code/hook/pythonpath_develop.ps1'
[1.538s] INFO:colcon.colcon_core.shell:Creating environment descriptor '/home/stevens/robotws/build/hw4code/share/hw4code/hook/pythonpath_develop.dsv'
[1.539s] INFO:colcon.colcon_core.shell:Creating environment hook '/home/stevens/robotws/build/hw4code/share/hw4code/hook/pythonpath_develop.sh'
[1.546s] Level 1:colcon.colcon_core.environment:checking '/home/stevens/robotws/install/hw4code' for CMake module files
[1.546s] Level 1:colcon.colcon_core.environment:checking '/home/stevens/robotws/install/hw4code' for CMake config files
[1.546s] Level 1:colcon.colcon_core.environment:checking '/home/stevens/robotws/install/hw4code/lib'
[1.546s] Level 1:colcon.colcon_core.environment:checking '/home/stevens/robotws/install/hw4code/bin'
[1.546s] Level 1:colcon.colcon_core.environment:checking '/home/stevens/robotws/install/hw4code/lib/pkgconfig/hw4code.pc'
[1.546s] Level 1:colcon.colcon_core.environment:checking '/home/stevens/robotws/install/hw4code/lib/python3.10/site-packages'
[1.546s] Level 1:colcon.colcon_core.shell:create_environment_hook('hw4code', 'pythonpath')
[1.553s] INFO:colcon.colcon_core.shell:Creating environment hook '/home/stevens/robotws/install/hw4code/share/hw4code/hook/pythonpath.ps1'
[1.553s] INFO:colcon.colcon_core.shell:Creating environment descriptor '/home/stevens/robotws/install/hw4code/share/hw4code/hook/pythonpath.dsv'
[1.553s] INFO:colcon.colcon_core.shell:Creating environment hook '/home/stevens/robotws/install/hw4code/share/hw4code/hook/pythonpath.sh'
[1.553s] Level 1:colcon.colcon_core.environment:checking '/home/stevens/robotws/install/hw4code/bin'
[1.553s] Level 1:colcon.colcon_core.environment:create_environment_scripts_only(hw4code)
[1.560s] INFO:colcon.colcon_core.shell:Creating package script '/home/stevens/robotws/install/hw4code/share/hw4code/package.ps1'
[1.560s] INFO:colcon.colcon_core.shell:Creating package descriptor '/home/stevens/robotws/install/hw4code/share/hw4code/package.dsv'
[1.560s] INFO:colcon.colcon_core.shell:Creating package script '/home/stevens/robotws/install/hw4code/share/hw4code/package.sh'
[1.560s] INFO:colcon.colcon_core.shell:Creating package script '/home/stevens/robotws/install/hw4code/share/hw4code/package.bash'
[1.560s] INFO:colcon.colcon_core.shell:Creating package script '/home/stevens/robotws/install/hw4code/share/hw4code/package.zsh'
[1.561s] Level 1:colcon.colcon_core.environment:create_file_with_runtime_dependencies(/home/stevens/robotws/install/hw4code/share/colcon-core/packages/hw4code)
[1.561s] Level 1:colcon.colcon_core.shell:create_environment_hook('hw3code', 'pythonpath_develop')
[1.561s] DEBUG:colcon.colcon_core.event_handler.log_command:Invoked command in '/home/stevens/robotws/build/hw3code' returned '0': PYTHONPATH=/home/stevens/robotws/build/hw3code/prefix_override:/home/stevens/robotws/install/hw3code/lib/python3.10/site-packages:${PYTHONPATH} /usr/bin/python3 setup.py develop --editable --build-directory /home/stevens/robotws/build/hw3code/build --no-deps install_data
[1.568s] INFO:colcon.colcon_core.shell:Creating environment hook '/home/stevens/robotws/build/hw3code/share/hw3code/hook/pythonpath_develop.ps1'
[1.568s] INFO:colcon.colcon_core.shell:Creating environment descriptor '/home/stevens/robotws/build/hw3code/share/hw3code/hook/pythonpath_develop.dsv'
[1.569s] INFO:colcon.colcon_core.shell:Creating environment hook '/home/stevens/robotws/build/hw3code/share/hw3code/hook/pythonpath_develop.sh'
[1.576s] Level 1:colcon.colcon_core.environment:checking '/home/stevens/robotws/install/hw3code' for CMake module files
[1.576s] Level 1:colcon.colcon_core.environment:checking '/home/stevens/robotws/install/hw3code' for CMake config files
[1.576s] Level 1:colcon.colcon_core.environment:checking '/home/stevens/robotws/install/hw3code/lib'
[1.576s] Level 1:colcon.colcon_core.environment:checking '/home/stevens/robotws/install/hw3code/bin'
[1.576s] Level 1:colcon.colcon_core.environment:checking '/home/stevens/robotws/install/hw3code/lib/pkgconfig/hw3code.pc'
[1.576s] Level 1:colcon.colcon_core.environment:checking '/home/stevens/robotws/install/hw3code/lib/python3.10/site-packages'
[1.576s] Level 1:colcon.colcon_core.shell:create_environment_hook('hw3code', 'pythonpath')
[1.583s] INFO:colcon.colcon_core.shell:Creating environment hook '/home/stevens/robotws/install/hw3code/share/hw3code/hook/pythonpath.ps1'
[1.583s] INFO:colcon.colcon_core.shell:Creating environment descriptor '/home/stevens/robotws/install/hw3code/share/hw3code/hook/pythonpath.dsv'
[1.583s] INFO:colcon.colcon_core.shell:Creating environment hook '/home/stevens/robotws/install/hw3code/share/hw3code/hook/pythonpath.sh'
[1.583s] Level 1:colcon.colcon_core.environment:checking '/home/stevens/robotws/install/hw3code/bin'
[1.583s] Level 1:colcon.colcon_core.environment:create_environment_scripts_only(hw3code)
[1.590s] INFO:colcon.colcon_core.shell:Creating package script '/home/stevens/robotws/install/hw3code/share/hw3code/package.ps1'
[1.590s] INFO:colcon.colcon_core.shell:Creating package descriptor '/home/stevens/robotws/install/hw3code/share/hw3code/package.dsv'
[1.590s] INFO:colcon.colcon_core.shell:Creating package script '/home/stevens/robotws/install/hw3code/share/hw3code/package.sh'
[1.591s] INFO:colcon.colcon_core.shell:Creating package script '/home/stevens/robotws/install/hw3code/share/hw3code/package.bash'
[1.591s] INFO:colcon.colcon_core.shell:Creating package script '/home/stevens/robotws/install/hw3code/share/hw3code/package.zsh'
[1.591s] Level 1:colcon.colcon_core.environment:create_file_with_runtime_dependencies(/home/stevens/robotws/install/hw3code/share/colcon-core/packages/hw3code)
[1.591s] DEBUG:colcon.colcon_parallel_executor.executor.parallel:closing loop
[1.591s] DEBUG:colcon.colcon_parallel_executor.executor.parallel:loop closed
[1.591s] DEBUG:colcon.colcon_parallel_executor.executor.parallel:run_until_complete finished with '0'
[1.591s] DEBUG:colcon.colcon_core.event_reactor:joining thread
[1.601s] INFO:colcon.colcon_core.plugin_system:Skipping extension 'colcon_notification.desktop_notification.terminal_notifier': Not used on non-Darwin systems
[1.601s] INFO:colcon.colcon_core.plugin_system:Skipping extension 'colcon_notification.desktop_notification.win32': Not used on non-Windows systems
[1.601s] INFO:colcon.colcon_notification.desktop_notification:Sending desktop notification using 'notify2'
[1.611s] DEBUG:colcon.colcon_core.event_reactor:joined thread
[1.620s] INFO:colcon.colcon_core.shell:Creating prefix script '/home/stevens/robotws/install/local_setup.ps1'
[1.620s] INFO:colcon.colcon_core.shell:Creating prefix util module '/home/stevens/robotws/install/_local_setup_util_ps1.py'
[1.621s] INFO:colcon.colcon_core.shell:Creating prefix chain script '/home/stevens/robotws/install/setup.ps1'
[1.633s] INFO:colcon.colcon_core.shell:Creating prefix script '/home/stevens/robotws/install/local_setup.sh'
[1.633s] INFO:colcon.colcon_core.shell:Creating prefix util module '/home/stevens/robotws/install/_local_setup_util_sh.py'
[1.633s] INFO:colcon.colcon_core.shell:Creating prefix chain script '/home/stevens/robotws/install/setup.sh'
[1.641s] INFO:colcon.colcon_core.shell:Creating prefix script '/home/stevens/robotws/install/local_setup.bash'
[1.641s] INFO:colcon.colcon_core.shell:Creating prefix chain script '/home/stevens/robotws/install/setup.bash'
[1.648s] INFO:colcon.colcon_core.shell:Creating prefix script '/home/stevens/robotws/install/local_setup.zsh'
[1.648s] INFO:colcon.colcon_core.shell:Creating prefix chain script '/home/stevens/robotws/install/setup.zsh'
