-- Install configuration: ""
-- Execute custom install script
-- Up-to-date symlink: /home/stevens/robotws/install/atlas_description/share/atlas_description/launch/__init__.py
-- Up-to-date symlink: /home/stevens/robotws/install/atlas_description/share/atlas_description/launch/viewatlas.launch.py
-- Up-to-date symlink: /home/stevens/robotws/install/atlas_description/share/atlas_description/meshes/base_link.mtl
-- Up-to-date symlink: /home/stevens/robotws/install/atlas_description/share/atlas_description/meshes/base_link.obj
-- Up-to-date symlink: /home/stevens/robotws/install/atlas_description/share/atlas_description/meshes/wheel.mtl
-- Up-to-date symlink: /home/stevens/robotws/install/atlas_description/share/atlas_description/meshes/wheel.obj
-- Up-to-date symlink: /home/stevens/robotws/install/atlas_description/share/atlas_description/rviz/urdf.rviz
-- Up-to-date symlink: /home/stevens/robotws/install/atlas_description/share/atlas_description/rviz/viewatlas.rviz
-- Up-to-date symlink: /home/stevens/robotws/install/atlas_description/share/atlas_description/rviz/viewurdf.rviz
-- Up-to-date symlink: /home/stevens/robotws/install/atlas_description/share/atlas_description/src/__init__.py
-- Up-to-date symlink: /home/stevens/robotws/install/atlas_description/share/atlas_description/urdf/atlas.urdf
-- Up-to-date symlink: /home/stevens/robotws/install/atlas_description/share/atlas_description/urdf/atlas_v5.urdf
-- Up-to-date symlink: /home/stevens/robotws/install/atlas_description/share/atlas_description/urdf/atlasfixed.urdf
-- Up-to-date symlink: /home/stevens/robotws/install/atlas_description/share/atlas_description/materials/CMakeLists.txt
-- Up-to-date symlink: /home/stevens/robotws/install/atlas_description/share/atlas_description/materials/textures/CMakeLists.txt
-- Up-to-date symlink: /home/stevens/robotws/install/atlas_description/share/atlas_description/materials/textures/atlas_DRC_1.png
-- Up-to-date symlink: /home/stevens/robotws/install/atlas_description/share/atlas_description/materials/textures/atlas_DRC_carbon_fiber.png
-- Up-to-date symlink: /home/stevens/robotws/install/atlas_description/share/atlas_description/materials/textures/atlas_DRC_dark_1.png
-- Up-to-date symlink: /home/stevens/robotws/install/atlas_description/share/atlas_description/materials/textures/atlas_cage_and_camera_diffuse_flat.jpg
-- Up-to-date symlink: /home/stevens/robotws/install/atlas_description/share/atlas_description/materials/textures/drc_extremities_diffuse.jpg
-- Up-to-date symlink: /home/stevens/robotws/install/atlas_description/share/atlas_description/materials/textures/drc_head_diffuse.png
-- Up-to-date symlink: /home/stevens/robotws/install/atlas_description/share/atlas_description/materials/textures/drc_labels_1.jpg
-- Up-to-date symlink: /home/stevens/robotws/install/atlas_description/share/atlas_description/materials/textures/drc_torso_head_diffuse.jpg
-- Up-to-date symlink: /home/stevens/robotws/install/atlas_description/share/atlas_description/materials/textures/extremities_diffuse.png
-- Up-to-date symlink: /home/stevens/robotws/install/atlas_description/share/atlas_description/materials/textures/extremities_diffuse_unplugged.jpg
-- Up-to-date symlink: /home/stevens/robotws/install/atlas_description/share/atlas_description/materials/textures/right_leg_diffuse_unplugged.jpg
-- Up-to-date symlink: /home/stevens/robotws/install/atlas_description/share/atlas_description/materials/textures/torso_diffuse.png
-- Up-to-date symlink: /home/stevens/robotws/install/atlas_description/share/atlas_description/materials/textures/torso_diffuse_unplugged.jpg
-- Up-to-date symlink: /home/stevens/robotws/install/atlas_description/share/atlas_description/meshes_unplugged/l_clav.dae
-- Up-to-date symlink: /home/stevens/robotws/install/atlas_description/share/atlas_description/meshes_unplugged/l_farm.dae
-- Up-to-date symlink: /home/stevens/robotws/install/atlas_description/share/atlas_description/meshes_unplugged/l_foot.dae
-- Up-to-date symlink: /home/stevens/robotws/install/atlas_description/share/atlas_description/meshes_unplugged/l_hand.dae
-- Up-to-date symlink: /home/stevens/robotws/install/atlas_description/share/atlas_description/meshes_unplugged/l_larm.dae
-- Up-to-date symlink: /home/stevens/robotws/install/atlas_description/share/atlas_description/meshes_unplugged/l_lglut.dae
-- Up-to-date symlink: /home/stevens/robotws/install/atlas_description/share/atlas_description/meshes_unplugged/l_lleg.dae
-- Up-to-date symlink: /home/stevens/robotws/install/atlas_description/share/atlas_description/meshes_unplugged/l_scap.dae
-- Up-to-date symlink: /home/stevens/robotws/install/atlas_description/share/atlas_description/meshes_unplugged/l_talus.dae
-- Up-to-date symlink: /home/stevens/robotws/install/atlas_description/share/atlas_description/meshes_unplugged/l_uarm.dae
-- Up-to-date symlink: /home/stevens/robotws/install/atlas_description/share/atlas_description/meshes_unplugged/l_uglut.dae
-- Up-to-date symlink: /home/stevens/robotws/install/atlas_description/share/atlas_description/meshes_unplugged/l_uleg.dae
-- Up-to-date symlink: /home/stevens/robotws/install/atlas_description/share/atlas_description/meshes_unplugged/ltorso.dae
-- Up-to-date symlink: /home/stevens/robotws/install/atlas_description/share/atlas_description/meshes_unplugged/mtorso.dae
-- Up-to-date symlink: /home/stevens/robotws/install/atlas_description/share/atlas_description/meshes_unplugged/pelvis.dae
-- Up-to-date symlink: /home/stevens/robotws/install/atlas_description/share/atlas_description/meshes_unplugged/r_clav.dae
-- Up-to-date symlink: /home/stevens/robotws/install/atlas_description/share/atlas_description/meshes_unplugged/r_farm.dae
-- Up-to-date symlink: /home/stevens/robotws/install/atlas_description/share/atlas_description/meshes_unplugged/r_foot.dae
-- Up-to-date symlink: /home/stevens/robotws/install/atlas_description/share/atlas_description/meshes_unplugged/r_hand.dae
-- Up-to-date symlink: /home/stevens/robotws/install/atlas_description/share/atlas_description/meshes_unplugged/r_larm.dae
-- Up-to-date symlink: /home/stevens/robotws/install/atlas_description/share/atlas_description/meshes_unplugged/r_lglut.dae
-- Up-to-date symlink: /home/stevens/robotws/install/atlas_description/share/atlas_description/meshes_unplugged/r_lleg.dae
-- Up-to-date symlink: /home/stevens/robotws/install/atlas_description/share/atlas_description/meshes_unplugged/r_scap.dae
-- Up-to-date symlink: /home/stevens/robotws/install/atlas_description/share/atlas_description/meshes_unplugged/r_talus.dae
-- Up-to-date symlink: /home/stevens/robotws/install/atlas_description/share/atlas_description/meshes_unplugged/r_uarm.dae
-- Up-to-date symlink: /home/stevens/robotws/install/atlas_description/share/atlas_description/meshes_unplugged/r_uglut.dae
-- Up-to-date symlink: /home/stevens/robotws/install/atlas_description/share/atlas_description/meshes_unplugged/r_uleg.dae
-- Up-to-date symlink: /home/stevens/robotws/install/atlas_description/share/atlas_description/meshes_unplugged/utorso.dae
-- Up-to-date symlink: /home/stevens/robotws/install/atlas_description/share/ament_index/resource_index/package_run_dependencies/atlas_description
-- Up-to-date symlink: /home/stevens/robotws/install/atlas_description/share/ament_index/resource_index/parent_prefix_path/atlas_description
-- Up-to-date symlink: /home/stevens/robotws/install/atlas_description/share/atlas_description/environment/ament_prefix_path.sh
-- Up-to-date symlink: /home/stevens/robotws/install/atlas_description/share/atlas_description/environment/ament_prefix_path.dsv
-- Up-to-date symlink: /home/stevens/robotws/install/atlas_description/share/atlas_description/environment/path.sh
-- Up-to-date symlink: /home/stevens/robotws/install/atlas_description/share/atlas_description/environment/path.dsv
-- Up-to-date symlink: /home/stevens/robotws/install/atlas_description/share/atlas_description/local_setup.bash
-- Up-to-date symlink: /home/stevens/robotws/install/atlas_description/share/atlas_description/local_setup.sh
-- Up-to-date symlink: /home/stevens/robotws/install/atlas_description/share/atlas_description/local_setup.zsh
-- Up-to-date symlink: /home/stevens/robotws/install/atlas_description/share/atlas_description/local_setup.dsv
-- Symlinking: /home/stevens/robotws/install/atlas_description/share/atlas_description/package.dsv
-- Up-to-date symlink: /home/stevens/robotws/install/atlas_description/share/ament_index/resource_index/packages/atlas_description
-- Up-to-date symlink: /home/stevens/robotws/install/atlas_description/share/atlas_description/cmake/atlas_descriptionConfig.cmake
-- Up-to-date symlink: /home/stevens/robotws/install/atlas_description/share/atlas_description/cmake/atlas_descriptionConfig-version.cmake
-- Up-to-date symlink: /home/stevens/robotws/install/atlas_description/share/atlas_description/package.xml
