running develop
running egg_info
creating hw4code.egg-info
writing hw4code.egg-info/PKG-INFO
writing dependency_links to hw4code.egg-info/dependency_links.txt
writing entry points to hw4code.egg-info/entry_points.txt
writing requirements to hw4code.egg-info/requires.txt
writing top-level names to hw4code.egg-info/top_level.txt
writing manifest file 'hw4code.egg-info/SOURCES.txt'
reading manifest file 'hw4code.egg-info/SOURCES.txt'
writing manifest file 'hw4code.egg-info/SOURCES.txt'
running build_ext
Creating /home/stevens/robotws/install/hw4code/lib/python3.10/site-packages/hw4code.egg-link (link to .)

Installed /home/stevens/robotws/build/hw4code
running install_data
creating /home/stevens/robotws/install/hw4code/share/ament_index
creating /home/stevens/robotws/install/hw4code/share/ament_index/resource_index
creating /home/stevens/robotws/install/hw4code/share/ament_index/resource_index/packages
copying resource/hw4code -> /home/stevens/robotws/install/hw4code/share/ament_index/resource_index/packages
copying package.xml -> /home/stevens/robotws/install/hw4code/share/hw4code
creating /home/stevens/robotws/install/hw4code/share/hw4code/urdf
copying urdf/testrobot.urdf -> /home/stevens/robotws/install/hw4code/share/hw4code/urdf
copying urdf/fourDOF.urdf -> /home/stevens/robotws/install/hw4code/share/hw4code/urdf
copying urdf/fourDOFskeleton.urdf -> /home/stevens/robotws/install/hw4code/share/hw4code/urdf
