running develop
/home/stevens/.local/lib/python3.12/site-packages/setuptools/command/develop.py:39: EasyInstallDeprecationWarning: easy_install command is deprecated.
!!

        ********************************************************************************
        Please avoid running ``setup.py`` and ``easy_install``.
        Instead, use pypa/build, pypa/installer or other
        standards-based tools.

        See https://github.com/pypa/setuptools/issues/917 for details.
        ********************************************************************************

!!
  easy_install.initialize_options(self)
/home/stevens/.local/lib/python3.12/site-packages/setuptools/_distutils/cmd.py:66: SetuptoolsDeprecationWarning: setup.py install is deprecated.
!!

        ********************************************************************************
        Please avoid running ``setup.py`` directly.
        Instead, use pypa/build, pypa/installer or other
        standards-based tools.

        See https://blog.ganssle.io/articles/2021/10/setup-py-deprecated.html for details.
        ********************************************************************************

!!
  self.initialize_options()
running egg_info
creating finalprojectcode.egg-info
writing finalprojectcode.egg-info/PKG-INFO
writing dependency_links to finalprojectcode.egg-info/dependency_links.txt
writing entry points to finalprojectcode.egg-info/entry_points.txt
writing requirements to finalprojectcode.egg-info/requires.txt
writing top-level names to finalprojectcode.egg-info/top_level.txt
writing manifest file 'finalprojectcode.egg-info/SOURCES.txt'
reading manifest file 'finalprojectcode.egg-info/SOURCES.txt'
writing manifest file 'finalprojectcode.egg-info/SOURCES.txt'
running build_ext
Creating /home/stevens/Documents/robotics133/robotws/install/finalprojectcode/lib/python3.12/site-packages/finalprojectcode.egg-link (link to .)
Installing finalproject script to /home/stevens/Documents/robotics133/robotws/install/finalprojectcode/lib/finalprojectcode

Installed /home/stevens/Documents/robotics133/robotws/build/finalprojectcode
running install_data
creating /home/stevens/Documents/robotics133/robotws/install/finalprojectcode/share/ament_index
creating /home/stevens/Documents/robotics133/robotws/install/finalprojectcode/share/ament_index/resource_index
creating /home/stevens/Documents/robotics133/robotws/install/finalprojectcode/share/ament_index/resource_index/packages
copying resource/finalprojectcode -> /home/stevens/Documents/robotics133/robotws/install/finalprojectcode/share/ament_index/resource_index/packages
copying package.xml -> /home/stevens/Documents/robotics133/robotws/install/finalprojectcode/share/finalprojectcode
creating /home/stevens/Documents/robotics133/robotws/install/finalprojectcode/share/finalprojectcode/launch
copying launch/finalproject.launch.py -> /home/stevens/Documents/robotics133/robotws/install/finalprojectcode/share/finalprojectcode/launch
creating /home/stevens/Documents/robotics133/robotws/install/finalprojectcode/share/finalprojectcode/meshes
copying meshes/Bottom.dae -> /home/stevens/Documents/robotics133/robotws/install/finalprojectcode/share/finalprojectcode/meshes
copying meshes/UJ_Shaft.dae -> /home/stevens/Documents/robotics133/robotws/install/finalprojectcode/share/finalprojectcode/meshes
copying meshes/Slider_Base.dae -> /home/stevens/Documents/robotics133/robotws/install/finalprojectcode/share/finalprojectcode/meshes
copying meshes/Platform_Top.dae -> /home/stevens/Documents/robotics133/robotws/install/finalprojectcode/share/finalprojectcode/meshes
copying meshes/Slider_Shaft.dae -> /home/stevens/Documents/robotics133/robotws/install/finalprojectcode/share/finalprojectcode/meshes
creating /home/stevens/Documents/robotics133/robotws/install/finalprojectcode/share/finalprojectcode/urdf
copying urdf/temp.urdf -> /home/stevens/Documents/robotics133/robotws/install/finalprojectcode/share/finalprojectcode/urdf
copying urdf/stewart.urdf -> /home/stevens/Documents/robotics133/robotws/install/finalprojectcode/share/finalprojectcode/urdf
