running develop
/home/stevens/.local/lib/python3.12/site-packages/setuptools/command/develop.py:39: EasyInstallDeprecationWarning: easy_install command is deprecated.
!!

        ********************************************************************************
        Please avoid running ``setup.py`` and ``easy_install``.
        Instead, use pypa/build, pypa/installer or other
        standards-based tools.

        See https://github.com/pypa/setuptools/issues/917 for details.
        ********************************************************************************

!!
  easy_install.initialize_options(self)
/home/stevens/.local/lib/python3.12/site-packages/setuptools/_distutils/cmd.py:66: SetuptoolsDeprecationWarning: setup.py install is deprecated.
!!

        ********************************************************************************
        Please avoid running ``setup.py`` directly.
        Instead, use pypa/build, pypa/installer or other
        standards-based tools.

        See https://blog.ganssle.io/articles/2021/10/setup-py-deprecated.html for details.
        ********************************************************************************

!!
  self.initialize_options()
running egg_info
creating hw3code.egg-info
writing hw3code.egg-info/PKG-INFO
writing dependency_links to hw3code.egg-info/dependency_links.txt
writing entry points to hw3code.egg-info/entry_points.txt
writing requirements to hw3code.egg-info/requires.txt
writing top-level names to hw3code.egg-info/top_level.txt
writing manifest file 'hw3code.egg-info/SOURCES.txt'
reading manifest file 'hw3code.egg-info/SOURCES.txt'
writing manifest file 'hw3code.egg-info/SOURCES.txt'
running build_ext
Creating /home/stevens/Documents/robotics133/robotws/install/hw3code/lib/python3.12/site-packages/hw3code.egg-link (link to .)
Installing hw3p4 script to /home/stevens/Documents/robotics133/robotws/install/hw3code/lib/hw3code
Installing hw3p5 script to /home/stevens/Documents/robotics133/robotws/install/hw3code/lib/hw3code

Installed /home/stevens/Documents/robotics133/robotws/build/hw3code
running install_data
creating /home/stevens/Documents/robotics133/robotws/install/hw3code/share/ament_index
creating /home/stevens/Documents/robotics133/robotws/install/hw3code/share/ament_index/resource_index
creating /home/stevens/Documents/robotics133/robotws/install/hw3code/share/ament_index/resource_index/packages
copying resource/hw3code -> /home/stevens/Documents/robotics133/robotws/install/hw3code/share/ament_index/resource_index/packages
copying package.xml -> /home/stevens/Documents/robotics133/robotws/install/hw3code/share/hw3code
creating /home/stevens/Documents/robotics133/robotws/install/hw3code/share/hw3code/rviz
copying rviz/viewurdf.rviz -> /home/stevens/Documents/robotics133/robotws/install/hw3code/share/hw3code/rviz
copying rviz/viewatlas.rviz -> /home/stevens/Documents/robotics133/robotws/install/hw3code/share/hw3code/rviz
creating /home/stevens/Documents/robotics133/robotws/install/hw3code/share/hw3code/urdf
copying urdf/pantilt.urdf -> /home/stevens/Documents/robotics133/robotws/install/hw3code/share/hw3code/urdf
copying urdf/hw3code -> /home/stevens/Documents/robotics133/robotws/install/hw3code/share/hw3code/urdf
copying urdf/hw3p5.py -> /home/stevens/Documents/robotics133/robotws/install/hw3code/share/hw3code/urdf
copying urdf/threeDOF.urdf -> /home/stevens/Documents/robotics133/robotws/install/hw3code/share/hw3code/urdf
